2026-03-08 12:09:02.611: [INFO][Sync] Reset engine, reason: 8
2026-03-08 12:09:02.611: [INFO][Sync] Stopped: Bookmarks
2026-03-08 12:09:02.611: [INFO][Sync] Stopped: Preferences
2026-03-08 12:09:02.611: [INFO][Sync] Stopped: Passwords
2026-03-08 12:09:02.611: [INFO][Sync] Stopped: Autofill Profiles
2026-03-08 12:09:02.611: [INFO][Sync] Stopped: Autofill
2026-03-08 12:09:02.611: [INFO][Sync] Stopped: Extensions
2026-03-08 12:09:02.611: [INFO][Sync] Stopped: Sessions
2026-03-08 12:09:02.611: [INFO][Sync] Stopped: Extension settings
2026-03-08 12:09:02.611: [INFO][Sync] Stopped: History Delete Directives
2026-03-08 12:09:02.611: [INFO][Sync] Stopped: Device Info
2026-03-08 12:09:02.611: [INFO][Sync] Stopped: User Consents
2026-03-08 12:09:02.611: [INFO][Sync] Stopped: Send Tab To Self
2026-03-08 12:09:02.611: [INFO][Sync] Stopped: Web Apps
2026-03-08 12:09:02.611: [INFO][Sync] Stopped: History
2026-03-08 12:09:02.611: [INFO][Sync] Stopped: Saved Tab Group
2026-03-08 12:09:02.611: [INFO][Sync] Stopped: WebAuthn Credentials
2026-03-08 12:09:02.611: [INFO][Sync] Stopped: Collection
2026-03-08 12:09:02.611: [INFO][Sync] Stopped: Edge E Drop
2026-03-08 12:09:02.611: [INFO][Sync] Stopped: Edge Hub App Usage
2026-03-08 12:09:02.611: [INFO][Sync] Stopped: Edge Wallet
2026-03-08 12:09:02.611: [INFO][Sync] Stopped: Edge Workspace
2026-03-08 12:09:02.611: [INFO][Sync] SyncState after authenticated was: NotSignedIn
2026-03-08 12:09:02.745: [INFO][Sync] Reset engine, reason: 8
2026-03-08 12:09:02.745: [INFO][Sync] Stopped: Bookmarks
2026-03-08 12:09:02.745: [INFO][Sync] Stopped: Preferences
2026-03-08 12:09:02.745: [INFO][Sync] Stopped: Passwords
2026-03-08 12:09:02.745: [INFO][Sync] Stopped: Autofill Profiles
2026-03-08 12:09:02.745: [INFO][Sync] Stopped: Autofill
2026-03-08 12:09:02.745: [INFO][Sync] Stopped: Extensions
2026-03-08 12:09:02.745: [INFO][Sync] Stopped: Sessions
2026-03-08 12:09:02.745: [INFO][Sync] Stopped: Extension settings
2026-03-08 12:09:02.745: [INFO][Sync] Stopped: History Delete Directives
2026-03-08 12:09:02.745: [INFO][Sync] Stopped: Device Info
2026-03-08 12:09:02.745: [INFO][Sync] Stopped: User Consents
2026-03-08 12:09:02.745: [INFO][Sync] Stopped: Send Tab To Self
2026-03-08 12:09:02.745: [INFO][Sync] Stopped: Web Apps
2026-03-08 12:09:02.745: [INFO][Sync] Stopped: History
2026-03-08 12:09:02.745: [INFO][Sync] Stopped: Saved Tab Group
2026-03-08 12:09:02.745: [INFO][Sync] Stopped: WebAuthn Credentials
2026-03-08 12:09:02.745: [INFO][Sync] Stopped: Collection
2026-03-08 12:09:02.745: [INFO][Sync] Stopped: Edge E Drop
2026-03-08 12:09:02.745: [INFO][Sync] Stopped: Edge Hub App Usage
2026-03-08 12:09:02.745: [INFO][Sync] Stopped: Edge Wallet
2026-03-08 12:09:02.745: [INFO][Sync] Stopped: Edge Workspace
2026-03-08 12:09:06.763: [INFO][Sync] Try to start sync engine
2026-03-08 12:09:06.764: [INFO][SyncManagerImpl::NudgeForInitialDownload] Initial download nudge for Encryption Keys
2026-03-08 12:09:06.764: [INFO][SyncEngineBackend::LoadAndConnectNigoriController] Load and connect Nigori controller
2026-03-08 12:09:06.764: [INFO][SyncEngineBackend::DoInitialize] Control Types added: Encryption Keys
2026-03-08 12:09:06.764: [INFO][SyncManagerImpl::ConfigureSyncer] Types to download: Encryption Keys with reason: 3
2026-03-08 12:09:06.764: [INFO][SyncSchedulerImpl::DoConfigurationSyncCycleJob] Configure job was blocked
2026-03-08 12:09:06.789: [INFO][SyncAuthManager::SetLastAuthError] Current auth error: None
2026-03-08 12:09:06.789: [INFO][SyncAuthManager::EdgeLogTokenErrorState] Token error with: None for account type: MSA
2026-03-08 12:09:06.789: [INFO][Sync] Credentials changed for: EdgeSyncScopeNew
2026-03-08 12:09:06.829: [INFO][SyncAuthManager::SetLastAuthError] Current auth error: None
2026-03-08 12:09:06.829: [INFO][SyncAuthManager::EdgeLogTokenErrorState] Token error with: None for account type: MSA
2026-03-08 12:09:06.829: [INFO][Sync] Credentials changed for: EdgeSyncKeyDataScope
2026-03-08 12:09:06.829: [INFO][SyncEngineBackend::DoUpdateKeyDataCredentials] Update key data credentials
2026-03-08 12:09:06.829: [INFO][SyncEngineBackend::DoUpdateCredentials] Update credentials
2026-03-08 12:09:06.829: [INFO][SyncSchedulerImpl::DoConfigurationSyncCycleJob] Blocked types:  and types to download: Encryption Keys
2026-03-08 12:09:13.363: [INFO][Sync] Reset engine, reason: 0
2026-03-08 12:09:13.363: [INFO][Sync] Reset engine with reason: 0
2026-03-08 12:09:13.363: [INFO][SyncSchedulerImpl::OnSyncNetworkError] Syncer error: Network error (ERR_ABORTED)
2026-03-08 12:09:13.363: [INFO][SyncSchedulerImpl::DoConfigurationSyncCycleJob] Syncer error: Success
